[0.007s] Invoking command in '/home/pawan/dev_ws/build/my_robot': CMAKE_PREFIX_PATH=${CMAKE_PREFIX_PATH}:/opt/ros/humble /usr/bin/cmake --build /home/pawan/dev_ws/build/my_robot -- -j20 -l20
[0.062s] Built target ament_cmake_python_copy_my_robot
[0.214s] running egg_info
[0.215s] writing my_robot.egg-info/PKG-INFO
[0.215s] writing dependency_links to my_robot.egg-info/dependency_links.txt
[0.215s] writing top-level names to my_robot.egg-info/top_level.txt
[0.216s] reading manifest file 'my_robot.egg-info/SOURCES.txt'
[0.216s] writing manifest file 'my_robot.egg-info/SOURCES.txt'
[0.233s] Built target ament_cmake_python_build_my_robot_egg
[0.244s] Invoked command in '/home/pawan/dev_ws/build/my_robot' returned '0': CMAKE_PREFIX_PATH=${CMAKE_PREFIX_PATH}:/opt/ros/humble /usr/bin/cmake --build /home/pawan/dev_ws/build/my_robot -- -j20 -l20
[0.250s] Invoking command in '/home/pawan/dev_ws/build/my_robot': CMAKE_PREFIX_PATH=${CMAKE_PREFIX_PATH}:/opt/ros/humble /usr/bin/cmake --install /home/pawan/dev_ws/build/my_robot
[0.257s] -- Install configuration: ""
[0.257s] -- Up-to-date: /home/pawan/dev_ws/install/my_robot/share/my_robot/environment/pythonpath.sh
[0.258s] -- Up-to-date: /home/pawan/dev_ws/install/my_robot/share/my_robot/environment/pythonpath.dsv
[0.258s] -- Up-to-date: /home/pawan/dev_ws/install/my_robot/local/lib/python3.10/dist-packages/my_robot-0.0.0-py3.10.egg-info
[0.258s] -- Installing: /home/pawan/dev_ws/install/my_robot/local/lib/python3.10/dist-packages/my_robot-0.0.0-py3.10.egg-info/dependency_links.txt
[0.258s] -- Installing: /home/pawan/dev_ws/install/my_robot/local/lib/python3.10/dist-packages/my_robot-0.0.0-py3.10.egg-info/SOURCES.txt
[0.258s] -- Installing: /home/pawan/dev_ws/install/my_robot/local/lib/python3.10/dist-packages/my_robot-0.0.0-py3.10.egg-info/PKG-INFO
[0.258s] -- Installing: /home/pawan/dev_ws/install/my_robot/local/lib/python3.10/dist-packages/my_robot-0.0.0-py3.10.egg-info/top_level.txt
[0.258s] -- Up-to-date: /home/pawan/dev_ws/install/my_robot/local/lib/python3.10/dist-packages/my_robot
[0.258s] -- Up-to-date: /home/pawan/dev_ws/install/my_robot/local/lib/python3.10/dist-packages/my_robot/__init__.py
[0.258s] -- Up-to-date: /home/pawan/dev_ws/install/my_robot/local/lib/python3.10/dist-packages/my_robot/ackermann_controller.py
[0.258s] -- Up-to-date: /home/pawan/dev_ws/install/my_robot/local/lib/python3.10/dist-packages/my_robot/keyboard_teleop.py
[0.285s] Listing '/home/pawan/dev_ws/install/my_robot/local/lib/python3.10/dist-packages/my_robot'...
[0.288s] -- Up-to-date: /home/pawan/dev_ws/install/my_robot/share/my_robot/config
[0.288s] -- Up-to-date: /home/pawan/dev_ws/install/my_robot/share/my_robot/config/joystick.yaml
[0.288s] -- Up-to-date: /home/pawan/dev_ws/install/my_robot/share/my_robot/config/controllers.yaml
[0.288s] -- Up-to-date: /home/pawan/dev_ws/install/my_robot/share/my_robot/config/gazebo_params.yaml
[0.288s] -- Up-to-date: /home/pawan/dev_ws/install/my_robot/share/my_robot/config/ros_gz_bridge.yaml
[0.288s] -- Up-to-date: /home/pawan/dev_ws/install/my_robot/share/my_robot/config/parameters.yaml
[0.288s] -- Up-to-date: /home/pawan/dev_ws/install/my_robot/share/my_robot/description
[0.288s] -- Up-to-date: /home/pawan/dev_ws/install/my_robot/share/my_robot/description/robot.urdf.xacro
[0.288s] -- Up-to-date: /home/pawan/dev_ws/install/my_robot/share/my_robot/description/gazebo_parameters.xacro
[0.288s] -- Up-to-date: /home/pawan/dev_ws/install/my_robot/share/my_robot/description/robot_core.xacro
[0.288s] -- Up-to-date: /home/pawan/dev_ws/install/my_robot/share/my_robot/description/inertial_macros.xacro
[0.288s] -- Up-to-date: /home/pawan/dev_ws/install/my_robot/share/my_robot/description/ros2_control.xacro
[0.288s] -- Up-to-date: /home/pawan/dev_ws/install/my_robot/share/my_robot/description/odom_plugin.xacro
[0.288s] -- Up-to-date: /home/pawan/dev_ws/install/my_robot/share/my_robot/description/transmission.xacro
[0.288s] -- Up-to-date: /home/pawan/dev_ws/install/my_robot/share/my_robot/description/robot_physical_properties.xacro
[0.288s] -- Up-to-date: /home/pawan/dev_ws/install/my_robot/share/my_robot/description/materials.xacro
[0.288s] -- Up-to-date: /home/pawan/dev_ws/install/my_robot/share/my_robot/launch
[0.288s] -- Up-to-date: /home/pawan/dev_ws/install/my_robot/share/my_robot/launch/ackermann_teleop.launch.py
[0.288s] -- Up-to-date: /home/pawan/dev_ws/install/my_robot/share/my_robot/launch/rsp.launch.py
[0.288s] -- Up-to-date: /home/pawan/dev_ws/install/my_robot/share/my_robot/launch/view.launch.py
[0.288s] -- Up-to-date: /home/pawan/dev_ws/install/my_robot/share/my_robot/launch/controller.launch.py
[0.288s] -- Up-to-date: /home/pawan/dev_ws/install/my_robot/share/my_robot/launch/gazebo.launch.py
[0.288s] -- Up-to-date: /home/pawan/dev_ws/install/my_robot/share/my_robot/launch/launch_sim.launch.py
[0.288s] -- Up-to-date: /home/pawan/dev_ws/install/my_robot/share/my_robot/launch/joystick.launch.py
[0.288s] -- Up-to-date: /home/pawan/dev_ws/install/my_robot/lib/my_robot/ackermann_controller.py
[0.288s] -- Up-to-date: /home/pawan/dev_ws/install/my_robot/lib/my_robot/keyboard_teleop.py
[0.288s] -- Up-to-date: /home/pawan/dev_ws/install/my_robot/share/ament_index/resource_index/package_run_dependencies/my_robot
[0.288s] -- Up-to-date: /home/pawan/dev_ws/install/my_robot/share/ament_index/resource_index/parent_prefix_path/my_robot
[0.288s] -- Up-to-date: /home/pawan/dev_ws/install/my_robot/share/my_robot/environment/ament_prefix_path.sh
[0.288s] -- Up-to-date: /home/pawan/dev_ws/install/my_robot/share/my_robot/environment/ament_prefix_path.dsv
[0.289s] -- Up-to-date: /home/pawan/dev_ws/install/my_robot/share/my_robot/environment/path.sh
[0.289s] -- Up-to-date: /home/pawan/dev_ws/install/my_robot/share/my_robot/environment/path.dsv
[0.289s] -- Up-to-date: /home/pawan/dev_ws/install/my_robot/share/my_robot/local_setup.bash
[0.289s] -- Up-to-date: /home/pawan/dev_ws/install/my_robot/share/my_robot/local_setup.sh
[0.289s] -- Up-to-date: /home/pawan/dev_ws/install/my_robot/share/my_robot/local_setup.zsh
[0.289s] -- Up-to-date: /home/pawan/dev_ws/install/my_robot/share/my_robot/local_setup.dsv
[0.289s] -- Up-to-date: /home/pawan/dev_ws/install/my_robot/share/my_robot/package.dsv
[0.289s] -- Up-to-date: /home/pawan/dev_ws/install/my_robot/share/ament_index/resource_index/packages/my_robot
[0.289s] -- Up-to-date: /home/pawan/dev_ws/install/my_robot/share/my_robot/cmake/my_robotConfig.cmake
[0.289s] -- Up-to-date: /home/pawan/dev_ws/install/my_robot/share/my_robot/cmake/my_robotConfig-version.cmake
[0.289s] -- Up-to-date: /home/pawan/dev_ws/install/my_robot/share/my_robot/package.xml
[0.290s] Invoked command in '/home/pawan/dev_ws/build/my_robot' returned '0': CMAKE_PREFIX_PATH=${CMAKE_PREFIX_PATH}:/opt/ros/humble /usr/bin/cmake --install /home/pawan/dev_ws/build/my_robot
