[0.007s] Invoking command in '/home/pawan/dev_ws/build/my_robot': CMAKE_PREFIX_PATH=${CMAKE_PREFIX_PATH}:/opt/ros/humble /usr/bin/cmake /home/pawan/dev_ws/src/my_robot -DAMENT_CMAKE_SYMLINK_INSTALL=1 -DCMAKE_INSTALL_PREFIX=/home/pawan/dev_ws/install/my_robot
[0.064s] -- The C compiler identification is GNU 11.4.0
[0.127s] -- The CXX compiler identification is GNU 11.4.0
[0.135s] -- Detecting C compiler ABI info
[0.217s] -- Detecting C compiler ABI info - done
[0.224s] -- Check for working C compiler: /usr/bin/cc - skipped
[0.225s] -- Detecting C compile features
[0.225s] -- Detecting C compile features - done
[0.228s] -- Detecting CXX compiler ABI info
[0.287s] -- Detecting CXX compiler ABI info - done
[0.294s] -- Check for working CXX compiler: /usr/bin/c++ - skipped
[0.294s] -- Detecting CXX compile features
[0.294s] -- Detecting CXX compile features - done
[0.296s] -- Found ament_cmake: 1.3.12 (/opt/ros/humble/share/ament_cmake/cmake)
[0.417s] -- Found Python3: /usr/bin/python3 (found version "3.10.12") found components: Interpreter 
[0.462s] -- Override CMake install command with custom implementation using symlinks instead of copying resources
[0.480s] -- Found ament_lint_auto: 0.12.14 (/opt/ros/humble/share/ament_lint_auto/cmake)
[0.544s] -- Added test 'copyright' to check source files copyright and LICENSE
[0.546s] -- Added test 'flake8' to check Python code syntax and style conventions
[0.547s] -- Added test 'lint_cmake' to check CMake code style
[0.547s] -- Added test 'pep257' to check Python code against some of the docstring style conventions in PEP 257
[0.548s] -- Added test 'xmllint' to check XML markup files
[0.549s] -- Configuring done
[0.550s] -- Generating done
[0.551s] -- Build files have been written to: /home/pawan/dev_ws/build/my_robot
[0.554s] Invoked command in '/home/pawan/dev_ws/build/my_robot' returned '0': CMAKE_PREFIX_PATH=${CMAKE_PREFIX_PATH}:/opt/ros/humble /usr/bin/cmake /home/pawan/dev_ws/src/my_robot -DAMENT_CMAKE_SYMLINK_INSTALL=1 -DCMAKE_INSTALL_PREFIX=/home/pawan/dev_ws/install/my_robot
[0.556s] Invoking command in '/home/pawan/dev_ws/build/my_robot': CMAKE_PREFIX_PATH=${CMAKE_PREFIX_PATH}:/opt/ros/humble /usr/bin/cmake --build /home/pawan/dev_ws/build/my_robot -- -j20 -l20
[0.592s] Invoked command in '/home/pawan/dev_ws/build/my_robot' returned '0': CMAKE_PREFIX_PATH=${CMAKE_PREFIX_PATH}:/opt/ros/humble /usr/bin/cmake --build /home/pawan/dev_ws/build/my_robot -- -j20 -l20
[0.602s] Invoking command in '/home/pawan/dev_ws/build/my_robot': CMAKE_PREFIX_PATH=${CMAKE_PREFIX_PATH}:/opt/ros/humble /usr/bin/cmake --install /home/pawan/dev_ws/build/my_robot
[0.612s] -- Install configuration: ""
[0.613s] -- Execute custom install script
[0.614s] -- Symlinking: /home/pawan/dev_ws/install/my_robot/share/my_robot/config/controllers.yaml
[0.621s] -- Symlinking: /home/pawan/dev_ws/install/my_robot/share/my_robot/config/parameters.yaml
[0.627s] -- Symlinking: /home/pawan/dev_ws/install/my_robot/share/my_robot/config/ros_gz_bridge.yaml
[0.639s] -- Symlinking: /home/pawan/dev_ws/install/my_robot/share/my_robot/config/view_robot.rivz
[0.651s] -- Symlinking: /home/pawan/dev_ws/install/my_robot/share/my_robot/description/gazebo_parameters.xacro
[0.661s] -- Symlinking: /home/pawan/dev_ws/install/my_robot/share/my_robot/description/inertial_macros.xacro
[0.670s] -- Symlinking: /home/pawan/dev_ws/install/my_robot/share/my_robot/description/materials.xacro
[0.681s] -- Symlinking: /home/pawan/dev_ws/install/my_robot/share/my_robot/description/odom_plugin.xacro
[0.691s] -- Symlinking: /home/pawan/dev_ws/install/my_robot/share/my_robot/description/robot.urdf.xacro
[0.699s] -- Symlinking: /home/pawan/dev_ws/install/my_robot/share/my_robot/description/robot_core.xacro
[0.705s] -- Symlinking: /home/pawan/dev_ws/install/my_robot/share/my_robot/description/robot_physical_properties.xacro
[0.715s] -- Symlinking: /home/pawan/dev_ws/install/my_robot/share/my_robot/description/ros2_control.xacro
[0.720s] -- Symlinking: /home/pawan/dev_ws/install/my_robot/share/my_robot/description/transmission.xacro
[0.727s] -- Symlinking: /home/pawan/dev_ws/install/my_robot/share/my_robot/launch/launch_sim.launch.py
[0.735s] -- Symlinking: /home/pawan/dev_ws/install/my_robot/share/my_robot/launch/rsp.launch.py
[0.745s] -- Symlinking: /home/pawan/dev_ws/install/my_robot/share/my_robot/worlds/empty.world
[0.754s] -- Symlinking: /home/pawan/dev_ws/install/my_robot/share/ament_index/resource_index/package_run_dependencies/my_robot
[0.765s] -- Symlinking: /home/pawan/dev_ws/install/my_robot/share/ament_index/resource_index/parent_prefix_path/my_robot
[0.774s] -- Symlinking: /home/pawan/dev_ws/install/my_robot/share/my_robot/environment/ament_prefix_path.sh
[0.783s] -- Symlinking: /home/pawan/dev_ws/install/my_robot/share/my_robot/environment/ament_prefix_path.dsv
[0.791s] -- Symlinking: /home/pawan/dev_ws/install/my_robot/share/my_robot/environment/path.sh
[0.800s] -- Symlinking: /home/pawan/dev_ws/install/my_robot/share/my_robot/environment/path.dsv
[0.808s] -- Symlinking: /home/pawan/dev_ws/install/my_robot/share/my_robot/local_setup.bash
[0.818s] -- Symlinking: /home/pawan/dev_ws/install/my_robot/share/my_robot/local_setup.sh
[0.825s] -- Symlinking: /home/pawan/dev_ws/install/my_robot/share/my_robot/local_setup.zsh
[0.832s] -- Symlinking: /home/pawan/dev_ws/install/my_robot/share/my_robot/local_setup.dsv
[0.842s] -- Symlinking: /home/pawan/dev_ws/install/my_robot/share/my_robot/package.dsv
[0.853s] -- Symlinking: /home/pawan/dev_ws/install/my_robot/share/ament_index/resource_index/packages/my_robot
[0.864s] -- Symlinking: /home/pawan/dev_ws/install/my_robot/share/my_robot/cmake/my_robotConfig.cmake
[0.874s] -- Symlinking: /home/pawan/dev_ws/install/my_robot/share/my_robot/cmake/my_robotConfig-version.cmake
[0.883s] -- Symlinking: /home/pawan/dev_ws/install/my_robot/share/my_robot/package.xml
[0.893s] Invoked command in '/home/pawan/dev_ws/build/my_robot' returned '0': CMAKE_PREFIX_PATH=${CMAKE_PREFIX_PATH}:/opt/ros/humble /usr/bin/cmake --install /home/pawan/dev_ws/build/my_robot
