[0.008s] Invoking command in '/home/pawan/dev_ws/build/my_robot': CMAKE_PREFIX_PATH=${CMAKE_PREFIX_PATH}:/opt/ros/humble /usr/bin/cmake --build /home/pawan/dev_ws/build/my_robot -- -j20 -l20
[0.056s] Built target ament_cmake_python_copy_my_robot
[0.202s] running egg_info
[0.202s] writing my_robot.egg-info/PKG-INFO
[0.203s] writing dependency_links to my_robot.egg-info/dependency_links.txt
[0.203s] writing top-level names to my_robot.egg-info/top_level.txt
[0.204s] reading manifest file 'my_robot.egg-info/SOURCES.txt'
[0.204s] writing manifest file 'my_robot.egg-info/SOURCES.txt'
[0.223s] Built target ament_cmake_python_build_my_robot_egg
[0.233s] Invoked command in '/home/pawan/dev_ws/build/my_robot' returned '0': CMAKE_PREFIX_PATH=${CMAKE_PREFIX_PATH}:/opt/ros/humble /usr/bin/cmake --build /home/pawan/dev_ws/build/my_robot -- -j20 -l20
[0.241s] Invoking command in '/home/pawan/dev_ws/build/my_robot': CMAKE_PREFIX_PATH=${CMAKE_PREFIX_PATH}:/opt/ros/humble /usr/bin/cmake --install /home/pawan/dev_ws/build/my_robot
[0.248s] -- Install configuration: ""
[0.248s] -- Up-to-date: /home/pawan/dev_ws/install/my_robot/share/my_robot/environment/pythonpath.sh
[0.248s] -- Up-to-date: /home/pawan/dev_ws/install/my_robot/share/my_robot/environment/pythonpath.dsv
[0.248s] -- Up-to-date: /home/pawan/dev_ws/install/my_robot/local/lib/python3.10/dist-packages/my_robot-0.0.0-py3.10.egg-info
[0.249s] -- Installing: /home/pawan/dev_ws/install/my_robot/local/lib/python3.10/dist-packages/my_robot-0.0.0-py3.10.egg-info/dependency_links.txt
[0.249s] -- Installing: /home/pawan/dev_ws/install/my_robot/local/lib/python3.10/dist-packages/my_robot-0.0.0-py3.10.egg-info/SOURCES.txt
[0.249s] -- Installing: /home/pawan/dev_ws/install/my_robot/local/lib/python3.10/dist-packages/my_robot-0.0.0-py3.10.egg-info/PKG-INFO
[0.249s] -- Installing: /home/pawan/dev_ws/install/my_robot/local/lib/python3.10/dist-packages/my_robot-0.0.0-py3.10.egg-info/top_level.txt
[0.249s] -- Up-to-date: /home/pawan/dev_ws/install/my_robot/local/lib/python3.10/dist-packages/my_robot
[0.249s] -- Up-to-date: /home/pawan/dev_ws/install/my_robot/local/lib/python3.10/dist-packages/my_robot/__init__.py
[0.249s] -- Up-to-date: /home/pawan/dev_ws/install/my_robot/local/lib/python3.10/dist-packages/my_robot/sensor_fusion.py
[0.249s] -- Up-to-date: /home/pawan/dev_ws/install/my_robot/local/lib/python3.10/dist-packages/my_robot/ackermann_controller.py
[0.249s] -- Up-to-date: /home/pawan/dev_ws/install/my_robot/local/lib/python3.10/dist-packages/my_robot/xbox_controller.py
[0.250s] -- Installing: /home/pawan/dev_ws/install/my_robot/local/lib/python3.10/dist-packages/my_robot/srf08_publisher.py
[0.250s] -- Up-to-date: /home/pawan/dev_ws/install/my_robot/local/lib/python3.10/dist-packages/my_robot/keyboard_teleop.py
[0.281s] Listing '/home/pawan/dev_ws/install/my_robot/local/lib/python3.10/dist-packages/my_robot'...
[0.281s] Compiling '/home/pawan/dev_ws/install/my_robot/local/lib/python3.10/dist-packages/my_robot/srf08_publisher.py'...
[0.284s] -- Up-to-date: /home/pawan/dev_ws/install/my_robot/share/my_robot/config
[0.285s] -- Up-to-date: /home/pawan/dev_ws/install/my_robot/share/my_robot/config/controllers.yaml
[0.285s] -- Up-to-date: /home/pawan/dev_ws/install/my_robot/share/my_robot/config/gazebo_params.yaml
[0.285s] -- Installing: /home/pawan/dev_ws/install/my_robot/share/my_robot/config/slam_params.yaml
[0.285s] -- Up-to-date: /home/pawan/dev_ws/install/my_robot/share/my_robot/config/ros_gz_bridge.yaml
[0.285s] -- Up-to-date: /home/pawan/dev_ws/install/my_robot/share/my_robot/config/parameters.yaml
[0.285s] -- Up-to-date: /home/pawan/dev_ws/install/my_robot/share/my_robot/description
[0.285s] -- Up-to-date: /home/pawan/dev_ws/install/my_robot/share/my_robot/description/robot.urdf.xacro
[0.285s] -- Up-to-date: /home/pawan/dev_ws/install/my_robot/share/my_robot/description/gazebo_parameters.xacro
[0.286s] -- Up-to-date: /home/pawan/dev_ws/install/my_robot/share/my_robot/description/robot_core.xacro
[0.286s] -- Up-to-date: /home/pawan/dev_ws/install/my_robot/share/my_robot/description/inertial_macros.xacro
[0.286s] -- Up-to-date: /home/pawan/dev_ws/install/my_robot/share/my_robot/description/ros2_control.xacro
[0.286s] -- Up-to-date: /home/pawan/dev_ws/install/my_robot/share/my_robot/description/odom_plugin.xacro
[0.286s] -- Up-to-date: /home/pawan/dev_ws/install/my_robot/share/my_robot/description/transmission.xacro
[0.286s] -- Up-to-date: /home/pawan/dev_ws/install/my_robot/share/my_robot/description/sensors.xacro
[0.286s] -- Up-to-date: /home/pawan/dev_ws/install/my_robot/share/my_robot/description/robot_physical_properties.xacro
[0.286s] -- Up-to-date: /home/pawan/dev_ws/install/my_robot/share/my_robot/description/materials.xacro
[0.286s] -- Up-to-date: /home/pawan/dev_ws/install/my_robot/share/my_robot/launch
[0.286s] -- Installing: /home/pawan/dev_ws/install/my_robot/share/my_robot/launch/slam.launch.py
[0.286s] -- Up-to-date: /home/pawan/dev_ws/install/my_robot/share/my_robot/launch/ackermann_teleop.launch.py
[0.287s] -- Up-to-date: /home/pawan/dev_ws/install/my_robot/share/my_robot/launch/rsp.launch.py
[0.287s] -- Up-to-date: /home/pawan/dev_ws/install/my_robot/share/my_robot/launch/view.launch.py
[0.287s] -- Up-to-date: /home/pawan/dev_ws/install/my_robot/share/my_robot/launch/controller.launch.py
[0.287s] -- Up-to-date: /home/pawan/dev_ws/install/my_robot/share/my_robot/launch/gazebo.launch.py
[0.287s] -- Up-to-date: /home/pawan/dev_ws/install/my_robot/share/my_robot/launch/launch_sim.launch.py
[0.288s] -- Up-to-date: /home/pawan/dev_ws/install/my_robot/share/my_robot/launch/xbox.launch.py
[0.288s] -- Up-to-date: /home/pawan/dev_ws/install/my_robot/share/my_robot//worlds
[0.288s] -- Up-to-date: /home/pawan/dev_ws/install/my_robot/share/my_robot//worlds/obstacles.sdf
[0.288s] -- Up-to-date: /home/pawan/dev_ws/install/my_robot/share/my_robot//worlds/maze.sdf
[0.288s] -- Up-to-date: /home/pawan/dev_ws/install/my_robot/lib/my_robot/ackermann_controller.py
[0.288s] -- Up-to-date: /home/pawan/dev_ws/install/my_robot/lib/my_robot/keyboard_teleop.py
[0.288s] -- Up-to-date: /home/pawan/dev_ws/install/my_robot/lib/my_robot/xbox_controller.py
[0.288s] -- Up-to-date: /home/pawan/dev_ws/install/my_robot/lib/my_robot/sensor_fusion.py
[0.288s] [31mCMake Error at cmake_install.cmake:82 (file):
[0.288s]   file INSTALL cannot find
[0.288s]   "/home/pawan/dev_ws/src/my_robot/my_robot/ultrasonic_publisher.py": No such
[0.289s]   file or directory.
[0.289s] 
[0.289s] [0m
[0.290s] Invoked command in '/home/pawan/dev_ws/build/my_robot' returned '1': CMAKE_PREFIX_PATH=${CMAKE_PREFIX_PATH}:/opt/ros/humble /usr/bin/cmake --install /home/pawan/dev_ws/build/my_robot
