-- The C compiler identification is GNU 11.4.0
-- The CXX compiler identification is GNU 11.4.0
-- Detecting C compiler ABI info
-- Detecting C compiler ABI info - done
-- Check for working C compiler: /usr/bin/cc - skipped
-- Detecting C compile features
-- Detecting C compile features - done
-- Detecting CXX compiler ABI info
-- Detecting CXX compiler ABI info - done
-- Check for working CXX compiler: /usr/bin/c++ - skipped
-- Detecting CXX compile features
-- Detecting CXX compile features - done
-- Found ament_cmake: 1.3.12 (/opt/ros/humble/share/ament_cmake/cmake)
-- Found Python3: /usr/bin/python3 (found version "3.10.12") found components: Interpreter 
-- Found rclpy: 3.3.17 (/opt/ros/humble/share/rclpy/cmake)
-- Found std_msgs: 4.9.0 (/opt/ros/humble/share/std_msgs/cmake)
-- Found rosidl_generator_c: 3.1.7 (/opt/ros/humble/share/rosidl_generator_c/cmake)
-- Found rosidl_adapter: 3.1.7 (/opt/ros/humble/share/rosidl_adapter/cmake)
-- Found rosidl_generator_cpp: 3.1.7 (/opt/ros/humble/share/rosidl_generator_cpp/cmake)
-- Using all available rosidl_typesupport_c: rosidl_typesupport_fastrtps_c;rosidl_typesupport_introspection_c
-- Using all available rosidl_typesupport_cpp: rosidl_typesupport_fastrtps_cpp;rosidl_typesupport_introspection_cpp
-- Found tf2_ros: 0.25.16 (/opt/ros/humble/share/tf2_ros/cmake)
-- Found rmw_implementation_cmake: 6.1.2 (/opt/ros/humble/share/rmw_implementation_cmake/cmake)
-- Found rmw_fastrtps_cpp: 6.2.8 (/opt/ros/humble/share/rmw_fastrtps_cpp/cmake)
-- Found OpenSSL: /usr/lib/x86_64-linux-gnu/libcrypto.so (found version "3.0.2")  
-- Found FastRTPS: /opt/ros/humble/include  
-- Using RMW implementation 'rmw_fastrtps_cpp' as default
-- Looking for pthread.h
-- Looking for pthread.h - found
-- Performing Test CMAKE_HAVE_LIBC_PTHREAD
-- Performing Test CMAKE_HAVE_LIBC_PTHREAD - Success
-- Found Threads: TRUE  
-- Found ament_lint_auto: 0.12.14 (/opt/ros/humble/share/ament_lint_auto/cmake)
-- Added test 'flake8' to check Python code syntax and style conventions
-- Added test 'lint_cmake' to check CMake code style
-- Added test 'pep257' to check Python code against some of the docstring style conventions in PEP 257
-- Added test 'xmllint' to check XML markup files
-- Configuring done
-- Generating done
-- Build files have been written to: /home/pawan/dev_ws/build/my_robot
Built target ament_cmake_python_copy_my_robot
running egg_info
creating my_robot.egg-info
writing my_robot.egg-info/PKG-INFO
writing dependency_links to my_robot.egg-info/dependency_links.txt
writing top-level names to my_robot.egg-info/top_level.txt
writing manifest file 'my_robot.egg-info/SOURCES.txt'
reading manifest file 'my_robot.egg-info/SOURCES.txt'
writing manifest file 'my_robot.egg-info/SOURCES.txt'
Built target ament_cmake_python_build_my_robot_egg
-- Install configuration: ""
-- Installing: /home/pawan/dev_ws/install/my_robot/share/my_robot/environment/pythonpath.sh
-- Installing: /home/pawan/dev_ws/install/my_robot/share/my_robot/environment/pythonpath.dsv
-- Installing: /home/pawan/dev_ws/install/my_robot/local/lib/python3.10/dist-packages/my_robot-0.0.0-py3.10.egg-info
-- Installing: /home/pawan/dev_ws/install/my_robot/local/lib/python3.10/dist-packages/my_robot-0.0.0-py3.10.egg-info/dependency_links.txt
-- Installing: /home/pawan/dev_ws/install/my_robot/local/lib/python3.10/dist-packages/my_robot-0.0.0-py3.10.egg-info/SOURCES.txt
-- Installing: /home/pawan/dev_ws/install/my_robot/local/lib/python3.10/dist-packages/my_robot-0.0.0-py3.10.egg-info/PKG-INFO
-- Installing: /home/pawan/dev_ws/install/my_robot/local/lib/python3.10/dist-packages/my_robot-0.0.0-py3.10.egg-info/top_level.txt
-- Installing: /home/pawan/dev_ws/install/my_robot/local/lib/python3.10/dist-packages/my_robot
-- Installing: /home/pawan/dev_ws/install/my_robot/local/lib/python3.10/dist-packages/my_robot/__init__.py
-- Installing: /home/pawan/dev_ws/install/my_robot/local/lib/python3.10/dist-packages/my_robot/ackermann_controller.py
Listing '/home/pawan/dev_ws/install/my_robot/local/lib/python3.10/dist-packages/my_robot'...
Compiling '/home/pawan/dev_ws/install/my_robot/local/lib/python3.10/dist-packages/my_robot/__init__.py'...
Compiling '/home/pawan/dev_ws/install/my_robot/local/lib/python3.10/dist-packages/my_robot/ackermann_controller.py'...
-- Installing: /home/pawan/dev_ws/install/my_robot/share/my_robot/config
-- Installing: /home/pawan/dev_ws/install/my_robot/share/my_robot/config/joystick.yaml
-- Installing: /home/pawan/dev_ws/install/my_robot/share/my_robot/config/controllers.yaml
-- Installing: /home/pawan/dev_ws/install/my_robot/share/my_robot/config/gazebo_params.yaml
-- Installing: /home/pawan/dev_ws/install/my_robot/share/my_robot/config/ros_gz_bridge.yaml
-- Installing: /home/pawan/dev_ws/install/my_robot/share/my_robot/config/parameters.yaml
-- Installing: /home/pawan/dev_ws/install/my_robot/share/my_robot/description
-- Installing: /home/pawan/dev_ws/install/my_robot/share/my_robot/description/robot.urdf.xacro
-- Installing: /home/pawan/dev_ws/install/my_robot/share/my_robot/description/gazebo_parameters.xacro
-- Installing: /home/pawan/dev_ws/install/my_robot/share/my_robot/description/robot_core.xacro
-- Installing: /home/pawan/dev_ws/install/my_robot/share/my_robot/description/inertial_macros.xacro
-- Installing: /home/pawan/dev_ws/install/my_robot/share/my_robot/description/ros2_control.xacro
-- Installing: /home/pawan/dev_ws/install/my_robot/share/my_robot/description/odom_plugin.xacro
-- Installing: /home/pawan/dev_ws/install/my_robot/share/my_robot/description/transmission.xacro
-- Installing: /home/pawan/dev_ws/install/my_robot/share/my_robot/description/robot_physical_properties.xacro
-- Installing: /home/pawan/dev_ws/install/my_robot/share/my_robot/description/materials.xacro
-- Installing: /home/pawan/dev_ws/install/my_robot/share/my_robot/launch
-- Installing: /home/pawan/dev_ws/install/my_robot/share/my_robot/launch/rsp.launch.py
-- Installing: /home/pawan/dev_ws/install/my_robot/share/my_robot/launch/view.launch.py
-- Installing: /home/pawan/dev_ws/install/my_robot/share/my_robot/launch/controller.launch.py
-- Installing: /home/pawan/dev_ws/install/my_robot/share/my_robot/launch/gazebo.launch.py
-- Installing: /home/pawan/dev_ws/install/my_robot/share/my_robot/launch/launch_sim.launch.py
-- Installing: /home/pawan/dev_ws/install/my_robot/share/my_robot/launch/joystick.launch.py
-- Installing: /home/pawan/dev_ws/install/my_robot/lib/my_robot/ackermann_controller.py
-- Installing: /home/pawan/dev_ws/install/my_robot/share/ament_index/resource_index/package_run_dependencies/my_robot
-- Installing: /home/pawan/dev_ws/install/my_robot/share/ament_index/resource_index/parent_prefix_path/my_robot
-- Installing: /home/pawan/dev_ws/install/my_robot/share/my_robot/environment/ament_prefix_path.sh
-- Installing: /home/pawan/dev_ws/install/my_robot/share/my_robot/environment/ament_prefix_path.dsv
-- Installing: /home/pawan/dev_ws/install/my_robot/share/my_robot/environment/path.sh
-- Installing: /home/pawan/dev_ws/install/my_robot/share/my_robot/environment/path.dsv
-- Installing: /home/pawan/dev_ws/install/my_robot/share/my_robot/local_setup.bash
-- Installing: /home/pawan/dev_ws/install/my_robot/share/my_robot/local_setup.sh
-- Installing: /home/pawan/dev_ws/install/my_robot/share/my_robot/local_setup.zsh
-- Installing: /home/pawan/dev_ws/install/my_robot/share/my_robot/local_setup.dsv
-- Installing: /home/pawan/dev_ws/install/my_robot/share/my_robot/package.dsv
-- Installing: /home/pawan/dev_ws/install/my_robot/share/ament_index/resource_index/packages/my_robot
-- Installing: /home/pawan/dev_ws/install/my_robot/share/my_robot/cmake/my_robotConfig.cmake
-- Installing: /home/pawan/dev_ws/install/my_robot/share/my_robot/cmake/my_robotConfig-version.cmake
-- Installing: /home/pawan/dev_ws/install/my_robot/share/my_robot/package.xml
